  ConsoleProj3.c
D:\MVAT\ConsoleProj1\ConsoleProj3.c(1,1): warning C4005: '_CRT_SECURE_NO_WARNINGS': macro redefinition
D:\MVAT\ConsoleProj1\ConsoleProj3.c : message : see previous definition of '_CRT_SECURE_NO_WARNINGS'
C:\Program Files (x86)\Windows Kits\10\Include\10.0.19041.0\shared\devpropdef.h(33,15): error C2061: syntax error: identifier 'DEVPROPTYPE'
C:\Program Files (x86)\Windows Kits\10\Include\10.0.19041.0\shared\devpropdef.h(33,15): error C2059: syntax error: ';'
C:\Program Files (x86)\Windows Kits\10\Include\10.0.19041.0\shared\devpropdef.h(33,26): error C2059: syntax error: ','
C:\Program Files (x86)\Windows Kits\10\Include\10.0.19041.0\shared\devpropdef.h(92,14): error C2061: syntax error: identifier 'DEVPROP_BOOLEAN'
C:\Program Files (x86)\Windows Kits\10\Include\10.0.19041.0\shared\devpropdef.h(92,14): error C2059: syntax error: ';'
C:\Program Files (x86)\Windows Kits\10\Include\10.0.19041.0\shared\devpropdef.h(92,29): error C2059: syntax error: ','
C:\Program Files (x86)\Windows Kits\10\Include\10.0.19041.0\shared\devpropdef.h(104,15): error C2061: syntax error: identifier 'DEVPROPGUID'
C:\Program Files (x86)\Windows Kits\10\Include\10.0.19041.0\shared\devpropdef.h(104,15): error C2059: syntax error: ';'
C:\Program Files (x86)\Windows Kits\10\Include\10.0.19041.0\shared\devpropdef.h(104,26): error C2059: syntax error: ','
C:\Program Files (x86)\Windows Kits\10\Include\10.0.19041.0\shared\devpropdef.h(105,15): error C2061: syntax error: identifier 'DEVPROPID'
C:\Program Files (x86)\Windows Kits\10\Include\10.0.19041.0\shared\devpropdef.h(105,15): error C2059: syntax error: ';'
C:\Program Files (x86)\Windows Kits\10\Include\10.0.19041.0\shared\devpropdef.h(105,24): error C2059: syntax error: ','
C:\Program Files (x86)\Windows Kits\10\Include\10.0.19041.0\shared\devpropdef.h(108,5): error C2061: syntax error: identifier 'DEVPROPGUID'
C:\Program Files (x86)\Windows Kits\10\Include\10.0.19041.0\shared\devpropdef.h(109,17): error C2061: syntax error: identifier 'pid'
C:\Program Files (x86)\Windows Kits\10\Include\10.0.19041.0\shared\devpropdef.h(109,17): error C2059: syntax error: ';'
C:\Program Files (x86)\Windows Kits\10\Include\10.0.19041.0\shared\devpropdef.h(110,1): error C2059: syntax error: '}'
C:\Program Files (x86)\Windows Kits\10\Include\10.0.19041.0\shared\devpropdef.h(150,5): error C2061: syntax error: identifier 'DEVPROPKEY'
C:\Program Files (x86)\Windows Kits\10\Include\10.0.19041.0\shared\devpropdef.h(155,12): error C2061: syntax error: identifier 'LocaleName'
C:\Program Files (x86)\Windows Kits\10\Include\10.0.19041.0\shared\devpropdef.h(155,12): error C2059: syntax error: ';'
C:\Program Files (x86)\Windows Kits\10\Include\10.0.19041.0\shared\devpropdef.h(157,1): error C2059: syntax error: '}'
C:\Program Files (x86)\Windows Kits\10\Include\10.0.19041.0\shared\devpropdef.h(180,5): error C2061: syntax error: identifier 'DEVPROPCOMPKEY'
C:\Program Files (x86)\Windows Kits\10\Include\10.0.19041.0\shared\devpropdef.h(181,17): error C2061: syntax error: identifier 'Type'
C:\Program Files (x86)\Windows Kits\10\Include\10.0.19041.0\shared\devpropdef.h(181,17): error C2059: syntax error: ';'
C:\Program Files (x86)\Windows Kits\10\Include\10.0.19041.0\shared\devpropdef.h(182,11): error C2061: syntax error: identifier 'BufferSize'
C:\Program Files (x86)\Windows Kits\10\Include\10.0.19041.0\shared\devpropdef.h(182,11): error C2059: syntax error: ';'
C:\Program Files (x86)\Windows Kits\10\Include\10.0.19041.0\shared\devpropdef.h(186,36): error C2061: syntax error: identifier 'PVOID'
C:\Program Files (x86)\Windows Kits\10\Include\10.0.19041.0\shared\devpropdef.h(186,36): error C2059: syntax error: ';'
C:\Program Files (x86)\Windows Kits\10\Include\10.0.19041.0\shared\devpropdef.h(188,1): error C2059: syntax error: '}'
C:\Program Files (x86)\Windows Kits\10\Include\10.0.19041.0\um\stireg.h(111,1): error C2143: syntax error: missing '{' before 'const'
C:\Program Files (x86)\Windows Kits\10\Include\10.0.19041.0\um\stireg.h(111,1): error C2061: syntax error: identifier 'DEVPKEY_WIA_DeviceType'
C:\Program Files (x86)\Windows Kits\10\Include\10.0.19041.0\um\stireg.h(111,1): error C2059: syntax error: ';'
D:\MVAT\ConsoleProj1\ConsoleProj3.c(74,9): warning C4477: 'printf' : format string '%d' requires an argument of type 'int', but variadic argument 1 has type 'size_t'
D:\MVAT\ConsoleProj1\ConsoleProj3.c(74,9): message : consider using '%zd' in the format string
D:\MVAT\ConsoleProj1\ConsoleProj3.c(75,9): warning C4477: 'printf' : format string '%d' requires an argument of type 'int', but variadic argument 1 has type 'size_t'
D:\MVAT\ConsoleProj1\ConsoleProj3.c(75,9): message : consider using '%zd' in the format string
D:\MVAT\ConsoleProj1\ConsoleProj3.c(88,25): warning C4047: '=': 'char' differs in levels of indirection from 'char [11]'
D:\MVAT\ConsoleProj1\ConsoleProj3.c(107,8): warning C4013: 'strcpy' undefined; assuming extern returning int
D:\MVAT\ConsoleProj1\ConsoleProj3.c(111,8): warning C4013: 'system' undefined; assuming extern returning int
D:\MVAT\ConsoleProj1\ConsoleProj3.c(112,2): warning C4098: 'main': 'void' function returning a value
D:\MVAT\ConsoleProj1\ConsoleProj3.c(81,1): warning C4305: 'initializing': truncation from 'double' to 'float'
